<?xml version="1.0" encoding="UTF-8"?>
<!-- Generated by org.testng.reporters.JUnitXMLReporter -->
<testsuite hostname="LAPTOP-V0QGSRAJ" ignored="0" name="Default test" tests="5" failures="0" timestamp="2020-09-11T23:32:26 EDT" time="86.83" errors="0">
  <testcase name="addEmployee" time="5.657" classname="com.hrms.testcases.AddEmployeeTest"/>
  <testcase name="addEmployee" time="10.658" classname="com.hrms.testcases.AddEmployeeTest"/>
  <testcase name="addEmployee" time="5.448" classname="com.hrms.testcases.AddEmployeeTest"/>
  <testcase name="addEmployee" time="15.687" classname="com.hrms.testcases.AddEmployeeTest"/>
  <testcase name="addEmployee" time="6.018" classname="com.hrms.testcases.AddEmployeeTest"/>
</testsuite> <!-- Default test -->
